<?xml version="1.0" encoding="UTF-8"?>
<!-- Generated by org.testng.reporters.JUnitReportReporter -->
<testsuite skipped="0" hostname="DESKTOP-9JOD97K" name="tests.FindTest" tests="1" failures="0" timestamp="2020-11-25T22:35:20 CET" time="4.325" errors="0">
  <testcase name="FindAndBookTest" time="4.325" classname="tests.FindTest"/>
  <system-out/>
</testsuite> <!-- tests.FindTest -->
